make all --print-data-base --no-builtin-variables --no-builtin-rules --question
# GNU Make 3.81
# Copyright (C) 2006  Free Software Foundation, Inc.
# This is free software; see the source for copying conditions.
# There is NO warranty; not even for MERCHANTABILITY or FITNESS FOR A
# PARTICULAR PURPOSE.

# This program built for i386-apple-darwin11.3.0
 

# Make data base, printed on Tue Feb  8 16:18:52 2022

# Variables

# automatic
<D = $(patsubst %/,%,$(dir $<))
# automatic
?F = $(notdir $?)
# environment
VSCODE_LOG_NATIVE = false
# automatic
?D = $(patsubst %/,%,$(dir $?))
# automatic
@D = $(patsubst %/,%,$(dir $@))
 
# automatic
@F = $(notdir $@)
# makefile
CURDIR := /goinfre/osallak/libft-42
# makefile
SHELL = /bin/sh
# makefile (from `Makefile', line 64)
RM = @rm -f
# environment
VSCODE_NLS_CONFIG = {"locale":"en-us","availableLanguages":{},"_languagePackSupport":true}
# environment
_ = /usr/bin/make
# makefile (from `Makefile', line 62)
CFLAGS = -Wall -Werror -Wextra
# makefile (from `Makefile', line 1)
MAKEFILE_LIST :=  Makefile
# makefile (from `Makefile', line 15)
SRCS = ft_atoi.c ft_isalpha.c ft_itoa.c ft_memmove.c ft_putnbr_fd.c ft_strdup.c ft_strlcpy.c ft_strnstr.c ft_tolower.c ft_bzero.c ft_isascii.c ft_memchr.c ft_memset.c ft_putstr_fd.c ft_striteri.c ft_strlen.c ft_strrchr.c ft_toupper.c ft_calloc.c ft_isdigit.c ft_memcmp.c ft_putchar_fd.c ft_split.c ft_strjoin.c ft_strmapi.c ft_strtrim.c ft_isalnum.c ft_isprint.c ft_memcpy.c ft_putendl_fd.c ft_strchr.c ft_strlcat.c ft_strncmp.c ft_substr.c ft_isvowel.c ft_isconsonant.c
# environment
VSCODE_VERBOSE_LOGGING = true
# makefile (from `Makefile', line 60)
OBJS = $(SRCS:.c=.o)
# environment
VSCODE_IPC_HOOK_EXTHOST = /var/folders/zz/zyxvpxvq6csfxvn_n000cd14003389/T/vscode-ipc-6981e8fd-5753-4c2d-a399-9bc8257c9879.sock
# environment
VSCODE_CWD = /goinfre/osallak/libft-42
# environment
Apple_PubSub_Socket_Render = /private/tmp/com.apple.launchd.l5hm5mdrY6/Render
# environment
PATH = /Users/osallak/goinfre/.brew/bin:/Users/osallak/.brew/bin:/usr/local/bin:/usr/bin:/bin:/usr/sbin:/sbin:/usr/local/munki
# environment
LSCOLORS = Gxfxcxdxbxegedabagacad
# makefile (from `Makefile', line 51)
B_SRCS = ft_lstnew.c ft_lstadd_front.c ft_lstsize.c ft_lstlast.c ft_lstadd_back.c ft_lstdelone.c ft_lstclear.c ft_lstiter.c ft_lstmap.c
# makefile (from `Makefile', line 61)
B_OBJS = $(B_SRCS:.c=.o)
# makefile (from `Makefile', line 65)
AR = @ar -rcs
# environment
VSCODE_LOG_STACK = false
# environment
ELECTRON_RUN_AS_NODE = 1
# default
.FEATURES := target-specific order-only second-expansion else-if archives jobserver check-symlink
# environment
SSH_AUTH_SOCK = /private/tmp/com.apple.launchd.u8FBoP8zBs/Listeners
# automatic
%F = $(notdir $%)
# environment
HOMEBREW_TEMP = /tmp/osallak/Homebrew/Temp
# environment
VSCODE_PIPE_LOGGING = true
# environment
PWD = /Users/osallak/goinfre/libft-42
# environment
ORIGINAL_XDG_CURRENT_DESKTOP = undefined
# environment
VSCODE_AMD_ENTRYPOINT = vs/workbench/services/extensions/node/extensionHostProcess
# environment
HOME = /Users/osallak
# default
MAKEFILEPATH = $(shell /usr/bin/xcode-select -print-path 2>/dev/null || echo /Developer)/Makefiles
# environment
VSCODE_CODE_CACHE_PATH = /Users/osallak/Library/Application Support/Code/CachedData/ccbaa2d27e38e5afa3e5c21c1c7bef4657064247
# environment
LOGNAME = osallak
# environment
APPLICATION_INSIGHTS_NO_DIAGNOSTIC_CHANNEL = true
# environment
ZSH = /Users/osallak/.oh-my-zsh
# environment
VSCODE_HANDLES_UNCAUGHT_ERRORS = true
# automatic
^D = $(patsubst %/,%,$(dir $^))
# environment
XPC_FLAGS = 0x0
# environment
COLORTERM = truecolor
# default
MAKE = $(MAKE_COMMAND)
# environment
LC_TERMINAL = iTerm2
# environment
HOMEBREW_CACHE = /tmp/osallak/Homebrew/Caches
# environment
SHLVL = 2
# environment
FIG_TERM = 1
# makefile (from `Makefile', line 63)
CC = gcc
# default
MAKE_VERSION := 3.81
# environment
USER = osallak
# environment
FIG_TERM_VERSION = 3
# default
MAKECMDGOALS := all
# environment
TERM_SESSION_ID = w0t0p0:14BF273E-4EE1-4788-A4CC-4DC1C83192CE
# makefile (from `Makefile', line 13)
NAME = libft.a
# environment
LESS = -R
# automatic
%D = $(patsubst %/,%,$(dir $%))
# environment
FIG_INTEGRATION_VERSION = 5
# default
MAKE_COMMAND := /Library/Developer/CommandLineTools/usr/bin/make
# makefile (from `Makefile', line 14)
INC = libft.h
# environment
TERM_PROGRAM = iTerm.app
# default
.VARIABLES := 
# environment
TMPDIR = /var/folders/zz/zyxvpxvq6csfxvn_n000cd14003389/T/
# automatic
*F = $(notdir $*)
# environment
VSCODE_IPC_HOOK = /Users/osallak/Library/Application Support/Code/1.62.3-main.sock
# makefile
MAKEFLAGS = Rrqp
# environment
MFLAGS = -Rrqp
# automatic
*D = $(patsubst %/,%,$(dir $*))
# environment
TERM_PROGRAM_VERSION = 3.4.13
# environment
XPC_SERVICE_NAME = 0
# environment
LC_TERMINAL_VERSION = 3.4.13
# automatic
+D = $(patsubst %/,%,$(dir $+))
# automatic
+F = $(notdir $+)
# environment
ITERM_SESSION_ID = w0t0p0:14BF273E-4EE1-4788-A4CC-4DC1C83192CE
# environment
COLORFGBG = 15;0
# environment
__CF_USER_TEXT_ENCODING = 0x18D09:0x0:0x0
# environment
COMMAND_MODE = unix2003
# default
MAKEFILES := 
# environment
HOMEBREW_NO_AUTO_UPDATE = 1
# automatic
<F = $(notdir $<)
# environment
ITERM_PROFILE = Default
# environment
PAGER = less
# environment
 
LC_ALL = C
# environment
SECURITYSESSIONID = 186a8
# automatic
^F = $(notdir $^)
# default
SUFFIXES := 
# default
.INCLUDE_DIRS = /usr/local/include
# environment
MAKELEVEL := 0
# makefile
.DEFAULT_GOAL := all
# environment
LANG = C
# environment
TERM = xterm-256color
# environment
VSCODE_PID = 1692
# variable set hash-table stats:
# Load=93/1024=9%, Rehash=0, Collisions=15/131=11%

# Pattern-specific Variable Values

# No pattern-specific variable values.

# Directories

# . (device 16777223, inode 12894159101): 88 files, no impossibilities.

# 88 files, no impossibilities in 1 directories.

# Implicit Rules

%.o: %.c libft.h
#  commands to execute (from `Makefile', line 70):
	$(CC) $(CFLAGS) -o $@ -c $< -I $(INC)
	

# 1 implicit rules, 0 (0.0%) terminal.

# Files

ft_strmapi.o: ft_strmapi.c libft.h
#  Implicit rule search has been done.
#  Implicit/static pattern stem: `ft_strmapi'
#  Last modified 2022-02-08 16:18:20
#  File has been updated.
#  Successfully updated.
# variable set hash-table stats:
# Load=0/32=0%, Rehash=0, Collisions=0/0=0%
#  commands to execute (from `Makefile', line 70):
	$(CC) $(CFLAGS) -o $@ -c $< -I $(INC)
	

# Not a target:
ft_lstiter.o:
#  Implicit rule search has not been done.
#  Modification time never checked.
#  File has not been updated.

# Not a target:
ft_strncmp.c:
#  Implicit rule search has been done.
#  Last modified 2022-02-08 16:01:13
#  File has been updated.
#  Successfully updated.
# variable set hash-table stats:
# Load=0/32=0%, Rehash=0, Collisions=0/0=0%

# Not a target:
ft_memchr.c:
#  Implicit rule search has been done.
#  Last modified 2022-02-08 16:01:13
#  File has been updated.
#  Successfully updated.
# variable set hash-table stats:
# Load=0/32=0%, Rehash=0, Collisions=0/0=0%

# Not a target:
ft_isalnum.c:
#  Implicit rule search has been done.
#  Last modified 2022-02-08 16:01:13
#  File has been updated.
#  Successfully updated.
# variable set hash-table stats:
# Load=0/32=0%, Rehash=0, Collisions=0/0=0%

ft_memcpy.o: ft_memcpy.c libft.h
#  Implicit rule search has been done.
#  Implicit/static pattern stem: `ft_memcpy'
#  Last modified 2022-02-08 16:18:20
#  File has been updated.
#  Successfully updated.
# variable set hash-table stats:
# Load=0/32=0%, Rehash=0, Collisions=0/0=0%
#  commands to execute (from `Makefile', line 70):
	$(CC) $(CFLAGS) -o $@ -c $< -I $(INC)
	

ft_itoa.o: ft_itoa.c libft.h
#  Implicit rule search has been done.
#  Implicit/static pattern stem: `ft_itoa'
#  Last modified 2022-02-08 16:18:19
#  File has been updated.
#  Successfully updated.
# variable set hash-table stats:
# Load=0/32=0%, Rehash=0, Collisions=0/0=0%
#  commands to execute (from `Makefile', line 70):
	$(CC) $(CFLAGS) -o $@ -c $< -I $(INC)
	

# Not a target:
ft_isconsonant.c:
#  Implicit rule search has been done.
#  Last modified 2022-02-08 16:14:25
#  File has been updated.
#  Successfully updated.
# variable set hash-table stats:
# Load=0/32=0%, Rehash=0, Collisions=0/0=0%

# Not a target:
ft_strdup.c:
#  Implicit rule search has been done.
#  Last modified 2022-02-08 16:01:13
#  File has been updated.
#  Successfully updated.
# variable set hash-table stats:
# Load=0/32=0%, Rehash=0, Collisions=0/0=0%

ft_memcmp.o: ft_memcmp.c libft.h
#  Implicit rule search has been done.
#  Implicit/static pattern stem: `ft_memcmp'
#  Last modified 2022-02-08 16:18:20
#  File has been updated.
#  Successfully updated.
# variable set hash-table stats:
# Load=0/32=0%, Rehash=0, Collisions=0/0=0%
#  commands to execute (from `Makefile', line 70):
	$(CC) $(CFLAGS) -o $@ -c $< -I $(INC)
	

ft_strlen.o: ft_strlen.c libft.h
#  Implicit rule search has been done.
#  Implicit/static pattern stem: `ft_strlen'
#  Last modified 2022-02-08 16:18:20
#  File has been updated.
#  Successfully updated.
# variable set hash-table stats:
# Load=0/32=0%, Rehash=0, Collisions=0/0=0%
#  commands to execute (from `Makefile', line 70):
	$(CC) $(CFLAGS) -o $@ -c $< -I $(INC)
	

# Not a target:
ft_memmove.c:
#  Implicit rule search has been done.
#  Last modified 2022-02-08 16:01:13
#  File has been updated.
#  Successfully updated.
# variable set hash-table stats:
# Load=0/32=0%, Rehash=0, Collisions=0/0=0%

ft_isdigit.o: ft_isdigit.c libft.h
#  Implicit rule search has been done.
#  Implicit/static pattern stem: `ft_isdigit'
#  Last modified 2022-02-08 16:18:20
#  File has been updated.
#  Successfully updated.
# variable set hash-table stats:
# Load=0/32=0%, Rehash=0, Collisions=0/0=0%
#  commands to execute (from `Makefile', line 70):
	$(CC) $(CFLAGS) -o $@ -c $< -I $(INC)
	

# Not a target:
ft_strchr.c:
#  Implicit rule search has been done.
#  Last modified 2022-02-08 16:01:13
#  File has been updated.
#  Successfully updated.
# variable set hash-table stats:
# Load=0/32=0%, Rehash=0, Collisions=0/0=0%

all: libft.a
#  Phony target (prerequisite of .PHONY).
#  Command-line target.
#  Implicit rule search has not been done.
#  File does not exist.
#  File has been updated.
#  Needs to be updated (-q is set).
# variable set hash-table stats:
# Load=0/32=0%, Rehash=0, Collisions=0/5=0%

# Not a target:
ft_lstlast.o:
#  Implicit rule search has not been done.
#  Modification time never checked.
#  File has not been updated.

ft_memchr.o: ft_memchr.c libft.h
#  Implicit rule search has been done.
#  Implicit/static pattern stem: `ft_memchr'
#  Last modified 2022-02-08 16:18:20
#  File has been updated.
#  Successfully updated.
# variable set hash-table stats:
# Load=0/32=0%, Rehash=0, Collisions=0/0=0%
#  commands to execute (from `Makefile', line 70):
	$(CC) $(CFLAGS) -o $@ -c $< -I $(INC)
	

# Not a target:
ft_toupper.c:
#  Implicit rule search has been done.
#  Last modified 2022-02-08 16:01:13
#  File has been updated.
#  Successfully updated.
# variable set hash-table stats:
# Load=0/32=0%, Rehash=0, Collisions=0/0=0%

.PHONY: re fclean clean bonus all
#  Implicit rule search has not been done.
#  Modification time never checked.
#  File has not been updated.

# Not a target:
ft_strnstr.c:
#  Implicit rule search has been done.
#  Last modified 2022-02-08 16:01:13
#  File has been updated.
#  Successfully updated.
# variable set hash-table stats:
 
# Load=0/32=0%, Rehash=0, Collisions=0/0=0%

# Not a target:
ft_putstr_fd.c:
#  Implicit rule search has been done.
#  Last modified 2022-02-08 16:01:13
#  File has been updated.
#  Successfully updated.
# variable set hash-table stats:
# Load=0/32=0%, Rehash=0, Collisions=0/0=0%

ft_tolower.o: ft_tolower.c libft.h
#  Implicit rule search has been done.
#  Implicit/static pattern stem: `ft_tolower'
#  Last modified 2022-02-08 16:18:19
#  File has been updated.
#  Successfully updated.
# variable set hash-table stats:
# Load=0/32=0%, Rehash=0, Collisions=0/0=0%
#  commands to execute (from `Makefile', line 70):
	$(CC) $(CFLAGS) -o $@ -c $< -I $(INC)
	

ft_strrchr.o: ft_strrchr.c libft.h
#  Implicit rule search has been done.
#  Implicit/static pattern stem: `ft_strrchr'
#  Last modified 2022-02-08 16:18:20
#  File has been updated.
#  Successfully updated.
# variable set hash-table stats:
# Load=0/32=0%, Rehash=0, Collisions=0/0=0%
#  commands to execute (from `Makefile', line 70):
	$(CC) $(CFLAGS) -o $@ -c $< -I $(INC)
	

ft_strjoin.o: ft_strjoin.c libft.h
#  Implicit rule search has been done.
#  Implicit/static pattern stem: `ft_strjoin'
#  Last modified 2022-02-08 16:18:20
#  File has been updated.
#  Successfully updated.
# variable set hash-table stats:
# Load=0/32=0%, Rehash=0, Collisions=0/0=0%
#  commands to execute (from `Makefile', line 70):
	$(CC) $(CFLAGS) -o $@ -c $< -I $(INC)
	

ft_split.o: ft_split.c libft.h
#  Implicit rule search has been done.
#  Implicit/static pattern stem: `ft_split'
#  Last modified 2022-02-08 16:18:20
#  File has been updated.
#  Successfully updated.
# variable set hash-table stats:
# Load=0/32=0%, Rehash=0, Collisions=0/0=0%
#  commands to execute (from `Makefile', line 70):
	$(CC) $(CFLAGS) -o $@ -c $< -I $(INC)
	

# Not a target:
ft_lstclear.o:
#  Implicit rule search has not been done.
#  Modification time never checked.
#  File has not been updated.

# Not a target:
ft_putchar_fd.c:
#  Implicit rule search has been done.
#  Last modified 2022-02-08 16:01:13
#  File has been updated.
#  Successfully updated.
# variable set hash-table stats:
# Load=0/32=0%, Rehash=0, Collisions=0/0=0%

ft_strlcat.o: ft_strlcat.c libft.h
#  Implicit rule search has been done.
#  Implicit/static pattern stem: `ft_strlcat'
#  Last modified 2022-02-08 16:18:20
#  File has been updated.
#  Successfully updated.
# variable set hash-table stats:
# Load=0/32=0%, Rehash=0, Collisions=0/0=0%
#  commands to execute (from `Makefile', line 70):
	$(CC) $(CFLAGS) -o $@ -c $< -I $(INC)
	

# Not a target:
ft_atoi.c:
#  Implicit rule search has been done.
#  Last modified 2022-02-08 16:01:13
#  File has been updated.
#  Successfully updated.
# variable set hash-table stats:
# Load=0/32=0%, Rehash=0, Collisions=0/0=0%

# Not a target:
.SUFFIXES:
#  Implicit rule search has not been done.
#  Modification time never checked.
#  File has not been updated.

# Not a target:
ft_strtrim.c:
#  Implicit rule search has been done.
#  Last modified 2022-02-08 16:01:13
#  File has been updated.
#  Successfully updated.
# variable set hash-table stats:
# Load=0/32=0%, Rehash=0, Collisions=0/0=0%

# Not a target:
Makefile:
#  Implicit rule search has been done.
#  Last modified 2022-02-08 16:18:14
#  File has been updated.
#  Successfully updated.
# variable set hash-table stats:
# Load=0/32=0%, Rehash=0, Collisions=0/0=0%

ft_isprint.o: ft_isprint.c libft.h
#  Implicit rule search has been done.
#  Implicit/static pattern stem: `ft_isprint'
#  Last modified 2022-02-08 16:18:20
#  File has been updated.
#  Successfully updated.
# variable set hash-table stats:
# Load=0/32=0%, Rehash=0, Collisions=0/0=0%
#  commands to execute (from `Makefile', line 70):
	$(CC) $(CFLAGS) -o $@ -c $< -I $(INC)
	

libft.a: ft_atoi.o ft_isalpha.o ft_itoa.o ft_memmove.o ft_putnbr_fd.o ft_strdup.o ft_strlcpy.o ft_strnstr.o ft_tolower.o ft_bzero.o ft_isascii.o ft_memchr.o ft_memset.o ft_putstr_fd.o ft_striteri.o ft_strlen.o ft_strrchr.o ft_toupper.o ft_calloc.o ft_isdigit.o ft_memcmp.o ft_putchar_fd.o ft_split.o ft_strjoin.o ft_strmapi.o ft_strtrim.o ft_isalnum.o ft_isprint.o ft_memcpy.o ft_putendl_fd.o ft_strchr.o ft_strlcat.o ft_strncmp.o ft_substr.o ft_isvowel.o ft_isconsonant.o
#  Implicit rule search has not been done.
#  File does not exist.
#  File has been updated.
#  Needs to be updated (-q is set).
# variable set hash-table stats:
# Load=0/32=0%, Rehash=0, Collisions=0/5=0%
#  commands to execute (from `Makefile', line 73):
	$(AR) $(NAME) $(OBJS)
	

# Not a target:
ft_putendl_fd.c:
#  Implicit rule search has been done.
#  Last modified 2022-02-08 16:01:13
#  File has been updated.
#  Successfully updated.
# variable set hash-table stats:
# Load=0/32=0%, Rehash=0, Collisions=0/0=0%

# Not a target:
ft_strmapi.c:
#  Implicit rule search has been done.
#  Last modified 2022-02-08 16:01:13
#  File has been updated.
#  Successfully updated.
# variable set hash-table stats:
# Load=0/32=0%, Rehash=0, Collisions=0/0=0%

ft_striteri.o: ft_striteri.c libft.h
#  Implicit rule search has been done.
#  Implicit/static pattern stem: `ft_striteri'
#  Last modified 2022-02-08 16:18:20
#  File has been updated.
#  Successfully updated.
# variable set hash-table stats:
# Load=0/32=0%, Rehash=0, Collisions=0/0=0%
#  commands to execute (from `Makefile', line 70):
	$(CC) $(CFLAGS) -o $@ -c $< -I $(INC)
	

ft_bzero.o: ft_bzero.c libft.h
#  Implicit rule search has been done.
#  Implicit/static pattern stem: `ft_bzero'
#  Last modified 2022-02-08 16:18:19
#  File has been updated.
#  Successfully updated.
# variable set hash-table stats:
# Load=0/32=0%, Rehash=0, Collisions=0/0=0%
#  commands to execute (from `Makefile', line 70):
	$(CC) $(CFLAGS) -o $@ -c $< -I $(INC)
	

# Not a target:
ft_memcpy.c:
#  Implicit rule search has been done.
#  Last modified 2022-02-08 16:01:13
#  File has been updated.
#  Successfully updated.
# variable set hash-table stats:
# Load=0/32=0%, Rehash=0, Collisions=0/0=0%

# Not a target:
ft_lstnew.o:
#  Implicit rule search has not been done.
#  Modification time never checked.
#  File has not been updated.

# Not a target:
ft_itoa.c:
#  Implicit rule search has been done.
#  Last modified 2022-02-08 16:01:13
#  File has been updated.
#  Successfully updated.
# variable set hash-table stats:
# Load=0/32=0%, Rehash=0, Collisions=0/0=0%

# Not a target:
ft_memcmp.c:
#  Implicit rule search has been done.
#  Last modified 2022-02-08 16:01:13
#  File has been updated.
#  Successfully updated.
# variable set hash-table stats:
# Load=0/32=0%, Rehash=0, Collisions=0/0=0%

# Not a target:
ft_strlen.c:
#  Implicit rule search has been done.
#  Last modified 2022-02-08 16:01:13
#  File has been updated.
#  Successfully updated.
# variable set hash-table stats:
# Load=0/32=0%, Rehash=0, Collisions=0/0=0%

# Not a target:
ft_isdigit.c:
#  Implicit rule search has been done.
#  Last modified 2022-02-08 16:01:13
#  File has been updated.
#  Successfully updated.
# variable set hash-table stats:
# Load=0/32=0%, Rehash=0, Collisions=0/0=0%

# Not a target:
ft_isalpha.c:
#  Implicit rule search has been done.
#  Last modified 2022-02-08 16:01:13
#  File has been updated.
#  Successfully updated.
# variable set hash-table stats:
# Load=0/32=0%, Rehash=0, Collisions=0/0=0%

bonus: ft_lstnew.o ft_lstadd_front.o ft_lstsize.o ft_lstlast.o ft_lstadd_back.o ft_lstdelone.o ft_lstclear.o ft_lstiter.o ft_lstmap.o ft_atoi.o ft_isalpha.o ft_itoa.o ft_memmove.o ft_putnbr_fd.o ft_strdup.o ft_strlcpy.o ft_strnstr.o ft_tolower.o ft_bzero.o ft_isascii.o ft_memchr.o ft_memset.o ft_putstr_fd.o ft_striteri.o ft_strlen.o ft_strrchr.o ft_toupper.o ft_calloc.o ft_isdigit.o ft_memcmp.o ft_putchar_fd.o ft_split.o ft_strjoin.o ft_strmapi.o ft_strtrim.o ft_isalnum.o ft_isprint.o ft_memcpy.o ft_putendl_fd.o ft_strchr.o ft_strlcat.o ft_strncmp.o ft_substr.o ft_isvowel.o ft_isconsonant.o
#  Phony target (prerequisite of .PHONY).
#  Implicit rule search has not been done.
#  File does not exist.
#  File has not been updated.
#  commands to execute (from `Makefile', line 76):
	$(AR) $(NAME) $(B_OBJS) $(OBJS)
	

ft_putnbr_fd.o: ft_putnbr_fd.c libft.h
#  Implicit rule search has been done.
 
#  Implicit/static pattern stem: `ft_putnbr_fd'
#  Last modified 2022-02-08 16:18:19
#  File has been updated.
#  Successfully updated.
# variable set hash-table stats:
# Load=0/32=0%, Rehash=0, Collisions=0/0=0%
#  commands to execute (from `Makefile', line 70):
	$(CC) $(CFLAGS) -o $@ -c $< -I $(INC)
	

fclean: clean
#  Phony target (prerequisite of .PHONY).
#  Implicit rule search has not been done.
#  File does not exist.
#  File has not been updated.
#  commands to execute (from `Makefile', line 82):
	$(RM) $(NAME)
	

# Not a target:
ft_memset.c:
#  Implicit rule search has been done.
#  Last modified 2022-02-08 16:01:13
#  File has been updated.
#  Successfully updated.
# variable set hash-table stats:
# Load=0/32=0%, Rehash=0, Collisions=0/0=0%

ft_calloc.o: ft_calloc.c libft.h
#  Implicit rule search has been done.
#  Implicit/static pattern stem: `ft_calloc'
#  Last modified 2022-02-08 16:18:20
#  File has been updated.
#  Successfully updated.
# variable set hash-table stats:
# Load=0/32=0%, Rehash=0, Collisions=0/0=0%
#  commands to execute (from `Makefile', line 70):
	$(CC) $(CFLAGS) -o $@ -c $< -I $(INC)
	

ft_substr.o: ft_substr.c libft.h
#  Implicit rule search has been done.
#  Implicit/static pattern stem: `ft_substr'
#  Last modified 2022-02-08 16:18:20
#  File has been updated.
#  Successfully updated.
# variable set hash-table stats:
# Load=0/32=0%, Rehash=0, Collisions=0/0=0%
#  commands to execute (from `Makefile', line 70):
	$(CC) $(CFLAGS) -o $@ -c $< -I $(INC)
	

# Not a target:
ft_tolower.c:
#  Implicit rule search has been done.
#  Last modified 2022-02-08 16:01:13
#  File has been updated.
#  Successfully updated.
# variable set hash-table stats:
# Load=0/32=0%, Rehash=0, Collisions=0/0=0%

# Not a target:
ft_strrchr.c:
#  Implicit rule search has been done.
#  Last modified 2022-02-08 16:01:13
#  File has been updated.
#  Successfully updated.
# variable set hash-table stats:
# Load=0/32=0%, Rehash=0, Collisions=0/0=0%

# Not a target:
ft_strjoin.c:
#  Implicit rule search has been done.
#  Last modified 2022-02-08 16:01:13
#  File has been updated.
#  Successfully updated.
# variable set hash-table stats:
# Load=0/32=0%, Rehash=0, Collisions=0/0=0%

# Not a target:
ft_split.c:
#  Implicit rule search has been done.
#  Last modified 2022-02-08 16:01:13
#  File has been updated.
#  Successfully updated.
# variable set hash-table stats:
# Load=0/32=0%, Rehash=0, Collisions=0/0=0%

ft_isalpha.o: ft_isalpha.c libft.h
#  Implicit rule search has been done.
#  Implicit/static pattern stem: `ft_isalpha'
#  Last modified 2022-02-08 16:18:19
#  File has been updated.
#  Successfully updated.
# variable set hash-table stats:
# Load=0/32=0%, Rehash=0, Collisions=0/0=0%
#  commands to execute (from `Makefile', line 70):
	$(CC) $(CFLAGS) -o $@ -c $< -I $(INC)
	

# Not a target:
ft_lstsize.o:
#  Implicit rule search has not been done.
#  Modification time never checked.
#  File has not been updated.

# Not a target:
ft_isvowel.c:
#  Implicit rule search has been done.
#  Last modified 2022-02-08 16:13:02
#  File has been updated.
#  Successfully updated.
# variable set hash-table stats:
# Load=0/32=0%, Rehash=0, Collisions=0/0=0%

# Not a target:
.DEFAULT:
#  Implicit rule search has not been done.
#  Modification time never checked.
#  File has not been updated.

# Not a target:
ft_strlcat.c:
#  Implicit rule search has been done.
#  Last modified 2022-02-08 16:01:13
#  File has been updated.
#  Successfully updated.
# variable set hash-table stats:
# Load=0/32=0%, Rehash=0, Collisions=0/0=0%

ft_isvowel.o: ft_isvowel.c libft.h
#  Implicit rule search has been done.
#  Implicit/static pattern stem: `ft_isvowel'
#  Last modified 2022-02-08 16:18:20
#  File has been updated.
#  Successfully updated.
# variable set hash-table stats:
# Load=0/32=0%, Rehash=0, Collisions=0/0=0%
#  commands to execute (from `Makefile', line 70):
	$(CC) $(CFLAGS) -o $@ -c $< -I $(INC)
	

# Not a target:
ft_bzero.c:
#  Implicit rule search has been done.
#  Last modified 2022-02-08 16:01:13
#  File has been updated.
#  Successfully updated.
# variable set hash-table stats:
# Load=0/32=0%, Rehash=0, Collisions=0/0=0%

ft_strlcpy.o: ft_strlcpy.c libft.h
#  Implicit rule search has been done.
#  Implicit/static pattern stem: `ft_strlcpy'
#  Last modified 2022-02-08 16:18:19
#  File has been updated.
#  Successfully updated.
# variable set hash-table stats:
# Load=0/32=0%, Rehash=0, Collisions=0/0=0%
#  commands to execute (from `Makefile', line 70):
	$(CC) $(CFLAGS) -o $@ -c $< -I $(INC)
	

# Not a target:
ft_isprint.c:
#  Implicit rule search has been done.
#  Last modified 2022-02-08 16:01:13
#  File has been updated.
#  Successfully updated.
# variable set hash-table stats:
# Load=0/32=0%, Rehash=0, Collisions=0/0=0%

# Not a target:
ft_isascii.c:
#  Implicit rule search has been done.
#  Last modified 2022-02-08 16:01:13
#  File has been updated.
#  Successfully updated.
# variable set hash-table stats:
# Load=0/32=0%, Rehash=0, Collisions=0/0=0%

# Not a target:
ft_lstmap.o:
#  Implicit rule search has not been done.
#  Modification time never checked.
#  File has not been updated.

ft_strncmp.o: ft_strncmp.c libft.h
#  Implicit rule search has been done.
#  Implicit/static pattern stem: `ft_strncmp'
#  Last modified 2022-02-08 16:18:20
#  File has been updated.
#  Successfully updated.
# variable set hash-table stats:
# Load=0/32=0%, Rehash=0, Collisions=0/0=0%
#  commands to execute (from `Makefile', line 70):
	$(CC) $(CFLAGS) -o $@ -c $< -I $(INC)
	

re: fclean all
#  Phony target (prerequisite of .PHONY).
#  Implicit rule search has not been done.
#  File does not exist.
#  File has not been updated.

clean:
#  Phony target (prerequisite of .PHONY).
#  Implicit rule search has not been done.
#  File does not exist.
#  File has not been updated.
#  commands to execute (from `Makefile', line 79):
	$(RM) $(OBJS) $(B_OBJS)
	

ft_isalnum.o: ft_isalnum.c libft.h
#  Implicit rule search has been done.
#  Implicit/static pattern stem: `ft_isalnum'
#  Last modified 2022-02-08 16:18:20
#  File has been updated.
#  Successfully updated.
# variable set hash-table stats:
# Load=0/32=0%, Rehash=0, Collisions=0/0=0%
#  commands to execute (from `Makefile', line 70):
	$(CC) $(CFLAGS) -o $@ -c $< -I $(INC)
	

# Not a target:
ft_lstadd_front.o:
#  Implicit rule search has not been done.
#  Modification time never checked.
#  File has not been updated.

ft_isascii.o: ft_isascii.c libft.h
#  Implicit rule search has been done.
#  Implicit/static pattern stem: `ft_isascii'
#  Last modified 2022-02-08 16:18:19
#  File has been updated.
#  Successfully updated.
# variable set hash-table stats:
# Load=0/32=0%, Rehash=0, Collisions=0/0=0%
#  commands to execute (from `Makefile', line 70):
	$(CC) $(CFLAGS) -o $@ -c $< -I $(INC)
	

ft_isconsonant.o: ft_isconsonant.c libft.h
#  Implicit rule search has been done.
#  Implicit/static pattern stem: `ft_isconsonant'
#  File does not exist.
#  File has been updated.
#  Needs to be updated (-q is set).
# automatic
# @ := ft_isconsonant.o
# automatic
 
# % := 
# automatic
# * := ft_isconsonant
# automatic
# + := ft_isconsonant.c libft.h
# automatic
# | := 
# automatic
# < := ft_isconsonant.c
# automatic
# ^ := ft_isconsonant.c libft.h
# automatic
# ? := ft_isconsonant.c libft.h
# variable set hash-table stats:
# Load=8/32=25%, Rehash=0, Collisions=1/15=7%
#  commands to execute (from `Makefile', line 70):
	$(CC) $(CFLAGS) -o $@ -c $< -I $(INC)
	

ft_strdup.o: ft_strdup.c libft.h
#  Implicit rule search has been done.
#  Implicit/static pattern stem: `ft_strdup'
#  Last modified 2022-02-08 16:18:19
#  File has been updated.
#  Successfully updated.
# variable set hash-table stats:
# Load=0/32=0%, Rehash=0, Collisions=0/0=0%
#  commands to execute (from `Makefile', line 70):
	$(CC) $(CFLAGS) -o $@ -c $< -I $(INC)
	

# Not a target:
ft_lstdelone.o:
#  Implicit rule search has not been done.
#  Modification time never checked.
#  File has not been updated.

# Not a target:
libft.h:
#  Implicit rule search has been done.
#  Last modified 2022-02-08 16:13:50
#  File has been updated.
#  Successfully updated.
# variable set hash-table stats:
# Load=0/32=0%, Rehash=0, Collisions=0/0=0%

ft_memmove.o: ft_memmove.c libft.h
#  Implicit rule search has been done.
#  Implicit/static pattern stem: `ft_memmove'
#  Last modified 2022-02-08 16:18:19
#  File has been updated.
#  Successfully updated.
# variable set hash-table stats:
# Load=0/32=0%, Rehash=0, Collisions=0/0=0%
#  commands to execute (from `Makefile', line 70):
	$(CC) $(CFLAGS) -o $@ -c $< -I $(INC)
	

ft_strchr.o: ft_strchr.c libft.h
#  Implicit rule search has been done.
#  Implicit/static pattern stem: `ft_strchr'
#  Last modified 2022-02-08 16:18:20
#  File has been updated.
#  Successfully updated.
# variable set hash-table stats:
# Load=0/32=0%, Rehash=0, Collisions=0/0=0%
#  commands to execute (from `Makefile', line 70):
	$(CC) $(CFLAGS) -o $@ -c $< -I $(INC)
	

ft_toupper.o: ft_toupper.c libft.h
#  Implicit rule search has been done.
#  Implicit/static pattern stem: `ft_toupper'
#  Last modified 2022-02-08 16:18:20
#  File has been updated.
#  Successfully updated.
# variable set hash-table stats:
# Load=0/32=0%, Rehash=0, Collisions=0/0=0%
#  commands to execute (from `Makefile', line 70):
	$(CC) $(CFLAGS) -o $@ -c $< -I $(INC)
	

ft_strnstr.o: ft_strnstr.c libft.h
#  Implicit rule search has been done.
#  Implicit/static pattern stem: `ft_strnstr'
#  Last modified 2022-02-08 16:18:19
#  File has been updated.
#  Successfully updated.
# variable set hash-table stats:
# Load=0/32=0%, Rehash=0, Collisions=0/0=0%
#  commands to execute (from `Makefile', line 70):
	$(CC) $(CFLAGS) -o $@ -c $< -I $(INC)
	

ft_putstr_fd.o: ft_putstr_fd.c libft.h
#  Implicit rule search has been done.
#  Implicit/static pattern stem: `ft_putstr_fd'
#  Last modified 2022-02-08 16:18:20
#  File has been updated.
#  Successfully updated.
# variable set hash-table stats:
# Load=0/32=0%, Rehash=0, Collisions=0/0=0%
#  commands to execute (from `Makefile', line 70):
	$(CC) $(CFLAGS) -o $@ -c $< -I $(INC)
	

# Not a target:
ft_putnbr_fd.c:
#  Implicit rule search has been done.
#  Last modified 2022-02-08 16:01:13
#  File has been updated.
#  Successfully updated.
# variable set hash-table stats:
# Load=0/32=0%, Rehash=0, Collisions=0/0=0%

# Not a target:
ft_calloc.c:
#  Implicit rule search has been done.
#  Last modified 2022-02-08 16:01:13
#  File has been updated.
#  Successfully updated.
# variable set hash-table stats:
# Load=0/32=0%, Rehash=0, Collisions=0/0=0%

# Not a target:
ft_substr.c:
#  Implicit rule search has been done.
#  Last modified 2022-02-08 16:01:13
#  File has been updated.
#  Successfully updated.
# variable set hash-table stats:
# Load=0/32=0%, Rehash=0, Collisions=0/0=0%

ft_memset.o: ft_memset.c libft.h
#  Implicit rule search has been done.
#  Implicit/static pattern stem: `ft_memset'
#  Last modified 2022-02-08 16:18:20
#  File has been updated.
#  Successfully updated.
# variable set hash-table stats:
# Load=0/32=0%, Rehash=0, Collisions=0/0=0%
#  commands to execute (from `Makefile', line 70):
	$(CC) $(CFLAGS) -o $@ -c $< -I $(INC)
	

ft_putchar_fd.o: ft_putchar_fd.c libft.h
#  Implicit rule search has been done.
#  Implicit/static pattern stem: `ft_putchar_fd'
#  Last modified 2022-02-08 16:18:20
#  File has been updated.
#  Successfully updated.
# variable set hash-table stats:
# Load=0/32=0%, Rehash=0, Collisions=0/0=0%
#  commands to execute (from `Makefile', line 70):
	$(CC) $(CFLAGS) -o $@ -c $< -I $(INC)
	

ft_atoi.o: ft_atoi.c libft.h
#  Implicit rule search has been done.
#  Implicit/static pattern stem: `ft_atoi'
#  Last modified 2022-02-08 16:18:19
#  File has been updated.
#  Successfully updated.
# variable set hash-table stats:
# Load=0/32=0%, Rehash=0, Collisions=0/0=0%
#  commands to execute (from `Makefile', line 70):
	$(CC) $(CFLAGS) -o $@ -c $< -I $(INC)
	

# Not a target:
ft_striteri.c:
#  Implicit rule search has been done.
#  Last modified 2022-02-08 16:01:13
#  File has been updated.
#  Successfully updated.
# variable set hash-table stats:
# Load=0/32=0%, Rehash=0, Collisions=0/0=0%

ft_strtrim.o: ft_strtrim.c libft.h
#  Implicit rule search has been done.
#  Implicit/static pattern stem: `ft_strtrim'
#  Last modified 2022-02-08 16:18:20
#  File has been updated.
#  Successfully updated.
# variable set hash-table stats:
# Load=0/32=0%, Rehash=0, Collisions=0/0=0%
#  commands to execute (from `Makefile', line 70):
	$(CC) $(CFLAGS) -o $@ -c $< -I $(INC)
	

# Not a target:
ft_lstadd_back.o:
#  Implicit rule search has not been done.
#  Modification time never checked.
#  File has not been updated.

# Not a target:
ft_strlcpy.c:
#  Implicit rule search has been done.
#  Last modified 2022-02-08 16:01:13
#  File has been updated.
#  Successfully updated.
# variable set hash-table stats:
# Load=0/32=0%, Rehash=0, Collisions=0/0=0%

ft_putendl_fd.o: ft_putendl_fd.c libft.h
#  Implicit rule search has been done.
#  Implicit/static pattern stem: `ft_putendl_fd'
#  Last modified 2022-02-08 16:18:20
#  File has been updated.
#  Successfully updated.
# variable set hash-table stats:
# Load=0/32=0%, Rehash=0, Collisions=0/0=0%
#  commands to execute (from `Makefile', line 70):
	$(CC) $(CFLAGS) -o $@ -c $< -I $(INC)
	

# files hash-table stats:
# Load=92/1024=9%, Rehash=0, Collisions=66/375=18%
# VPATH Search Paths

# No `vpath' search paths.

# No general (`VPATH' variable) search path.

# # of strings in strcache: 1
# # of strcache buffers: 1
# strcache size: total = 4096 / max = 4096 / min = 4096 / avg = 4096
# strcache free: total = 4087 / max = 4087 / min = 4087 / avg = 4087

# Finished Make data base on Tue Feb  8 16:18:52 2022

 
